TN:
SF:/home/lukemartinlogan/Documents/Projects/PhD/jarvis-cd/builtin/__init__.py
LF:0
LH:0
end_of_record
TN:
SF:/home/lukemartinlogan/Documents/Projects/PhD/jarvis-cd/builtin/builtin/__init__.py
LF:0
LH:0
end_of_record
TN:
SF:/home/lukemartinlogan/Documents/Projects/PhD/jarvis-cd/builtin/builtin/orangefs/__init__.py
LF:0
LH:0
end_of_record
TN:
SF:/home/lukemartinlogan/Documents/Projects/PhD/jarvis-cd/builtin/builtin/orangefs/package.py
DA:1,0
DA:2,0
DA:3,0
DA:6,0
DA:7,0
DA:11,0
DA:13,0
DA:14,0
DA:31,0
DA:33,0
DA:34,0
DA:35,0
DA:36,0
DA:39,0
DA:40,0
DA:41,0
DA:42,0
DA:44,0
DA:45,0
DA:59,0
DA:60,0
DA:61,0
DA:64,0
DA:65,0
DA:66,0
DA:69,0
DA:70,0
DA:71,0
DA:78,0
DA:80,0
DA:82,0
DA:83,0
DA:84,0
DA:88,0
DA:89,0
DA:90,0
DA:93,0
DA:94,0
DA:95,0
DA:96,0
DA:104,0
DA:106,0
DA:107,0
DA:114,0
DA:115,0
DA:116,0
DA:118,0
DA:119,0
DA:120,0
DA:121,0
DA:123,0
DA:124,0
DA:125,0
DA:129,0
DA:130,0
LF:55
LH:0
end_of_record
TN:
SF:/home/lukemartinlogan/Documents/Projects/PhD/jarvis-cd/jarvis_cd/__init__.py
LF:0
LH:0
end_of_record
TN:
SF:/home/lukemartinlogan/Documents/Projects/PhD/jarvis-cd/jarvis_cd/basic/__init__.py
LF:0
LH:0
end_of_record
TN:
SF:/home/lukemartinlogan/Documents/Projects/PhD/jarvis-cd/jarvis_cd/basic/jarvis_manager.py
DA:6,1
DA:7,1
DA:8,1
DA:9,1
DA:10,1
DA:11,1
DA:12,1
DA:13,1
DA:14,1
DA:15,1
DA:18,1
DA:23,1
DA:25,1
DA:26,1
DA:27,1
DA:28,1
DA:29,1
DA:31,1
DA:32,1
DA:35,1
DA:37,1
DA:39,1
DA:41,1
DA:43,1
DA:45,1
DA:49,1
DA:51,1
DA:55,1
DA:56,1
DA:57,1
DA:58,1
DA:60,1
DA:72,0
DA:73,0
DA:74,0
DA:75,0
DA:86,0
DA:87,0
DA:88,0
DA:89,0
DA:90,0
DA:92,1
DA:99,0
DA:100,0
DA:101,0
DA:103,0
DA:105,0
DA:107,1
DA:113,1
DA:114,0
DA:115,1
DA:117,1
DA:118,1
DA:119,1
DA:120,1
DA:121,1
DA:122,1
DA:123,1
DA:124,1
DA:125,1
DA:127,1
DA:128,1
DA:130,0
DA:131,1
DA:132,1
DA:134,1
DA:140,0
DA:141,0
DA:143,0
DA:145,1
DA:152,0
DA:153,0
DA:154,0
DA:155,0
DA:156,0
DA:157,0
DA:159,0
DA:160,0
DA:161,0
DA:162,0
DA:163,0
DA:165,1
DA:171,0
DA:172,0
DA:173,0
DA:175,1
DA:176,0
DA:177,0
DA:178,0
DA:180,1
DA:186,0
DA:188,1
DA:194,0
DA:195,0
DA:198,1
DA:204,0
DA:206,1
DA:215,0
DA:217,1
DA:228,0
DA:229,0
DA:230,0
DA:231,0
DA:232,0
DA:233,0
DA:238,1
DA:247,0
DA:248,0
DA:250,0
DA:253,0
DA:256,0
DA:257,0
DA:258,0
DA:259,0
DA:260,0
DA:262,0
DA:264,1
DA:273,1
DA:274,1
DA:275,1
DA:276,1
DA:278,1
DA:286,0
DA:287,0
DA:288,0
DA:289,0
DA:290,0
DA:292,1
DA:299,0
DA:301,1
DA:307,0
DA:308,0
DA:310,1
DA:317,0
DA:318,0
DA:319,0
DA:320,0
DA:322,1
DA:329,0
DA:330,0
DA:333,0
DA:334,0
DA:335,0
LF:143
LH:69
end_of_record
TN:
SF:/home/lukemartinlogan/Documents/Projects/PhD/jarvis-cd/jarvis_cd/basic/pkg.py
DA:6,0
DA:7,0
DA:8,0
DA:9,0
DA:10,0
DA:11,0
DA:12,0
DA:13,0
DA:14,0
DA:15,0
DA:16,0
DA:19,0
DA:20,0
DA:21,0
DA:22,0
DA:24,0
DA:25,0
DA:28,0
DA:34,0
DA:41,0
DA:42,0
DA:43,0
DA:44,0
DA:46,0
DA:48,0
DA:49,0
DA:50,0
DA:51,0
DA:52,0
DA:53,0
DA:54,0
DA:55,0
DA:57,0
DA:65,0
DA:66,0
DA:67,0
DA:68,0
DA:69,0
DA:70,0
DA:71,0
DA:72,0
DA:73,0
DA:74,0
DA:75,0
DA:76,0
DA:77,0
DA:78,0
DA:81,0
DA:82,0
DA:83,0
DA:84,0
DA:85,0
DA:86,0
DA:87,0
DA:88,0
DA:90,0
DA:98,0
DA:99,0
DA:100,0
DA:101,0
DA:102,0
DA:103,0
DA:104,0
DA:105,0
DA:106,0
DA:107,0
DA:108,0
DA:109,0
DA:110,0
DA:111,0
DA:112,0
DA:113,0
DA:114,0
DA:115,0
DA:116,0
DA:117,0
DA:118,0
DA:119,0
DA:120,0
DA:121,0
DA:123,0
DA:128,0
DA:129,0
DA:130,0
DA:131,0
DA:132,0
DA:134,0
DA:140,0
DA:141,0
DA:142,0
DA:143,0
DA:144,0
DA:145,0
DA:147,0
DA:157,0
DA:158,0
DA:159,0
DA:160,0
DA:161,0
DA:162,0
DA:163,0
DA:164,0
DA:165,0
DA:166,0
DA:167,0
DA:168,0
DA:169,0
DA:171,0
DA:172,0
DA:173,0
DA:174,0
DA:176,0
DA:177,0
DA:178,0
DA:179,0
DA:181,0
DA:188,0
DA:189,0
DA:190,0
DA:191,0
DA:193,0
DA:201,0
DA:203,0
DA:207,0
DA:209,0
DA:216,0
DA:217,0
DA:218,0
DA:220,0
DA:222,0
DA:223,0
DA:225,0
DA:232,0
DA:233,0
DA:235,0
DA:243,0
DA:244,0
DA:245,0
DA:246,0
DA:248,0
DA:256,0
DA:257,0
DA:258,0
DA:259,0
DA:260,0
DA:261,0
DA:263,0
DA:264,0
DA:265,0
DA:267,0
DA:274,0
DA:275,0
DA:276,0
DA:277,0
DA:278,0
DA:280,0
DA:288,0
DA:289,0
DA:291,0
DA:293,0
DA:294,0
DA:296,0
DA:298,0
DA:306,0
DA:308,0
DA:319,0
DA:320,0
DA:321,0
DA:325,0
DA:326,0
DA:327,0
DA:328,0
DA:329,0
DA:330,0
DA:331,0
DA:332,0
DA:333,0
DA:334,0
DA:335,0
DA:336,0
DA:338,0
DA:339,0
DA:341,0
DA:342,0
DA:344,0
DA:345,0
DA:347,0
DA:348,0
DA:349,0
DA:350,0
DA:351,0
DA:352,0
DA:354,0
DA:355,0
DA:362,0
DA:365,0
DA:371,0
DA:377,0
DA:378,0
DA:386,0
DA:388,0
DA:389,0
DA:397,0
DA:399,0
DA:400,0
DA:409,0
DA:411,0
DA:420,0
DA:421,0
DA:422,0
DA:423,0
DA:424,0
DA:426,0
DA:427,0
DA:439,0
DA:440,0
DA:441,0
DA:442,0
DA:443,0
DA:444,0
DA:445,0
DA:448,0
DA:455,0
DA:456,0
DA:462,0
DA:465,0
DA:469,0
DA:470,0
DA:477,0
DA:479,0
DA:480,0
DA:487,0
DA:489,0
DA:490,0
DA:497,0
DA:499,0
DA:500,0
DA:507,0
DA:510,0
DA:516,0
DA:517,0
DA:520,0
DA:524,0
DA:525,0
DA:527,0
DA:535,0
DA:536,0
DA:537,0
DA:538,0
DA:539,0
DA:541,0
DA:547,0
DA:548,0
DA:549,0
DA:551,0
DA:552,0
DA:553,0
DA:555,0
DA:568,0
DA:569,0
DA:570,0
DA:571,0
DA:572,0
DA:573,0
DA:574,0
DA:575,0
DA:577,0
DA:583,0
DA:584,0
DA:585,0
DA:586,0
DA:587,0
DA:589,0
DA:595,0
DA:596,0
DA:597,0
DA:598,0
DA:599,0
DA:601,0
DA:607,0
DA:608,0
DA:609,0
DA:610,0
DA:611,0
DA:612,0
DA:613,0
LF:286
LH:0
end_of_record
TN:
SF:/home/lukemartinlogan/Documents/Projects/PhD/jarvis-cd/setup.py
DA:1,0
DA:3,0
LF:2
LH:0
end_of_record
